    __  ______   ____                           __         
   / / / /  _/  / __ \___  _________  _________/ /__  _____
  / / / // /   / /_/ / _ \/ ___/ __ \/ ___/ __  / _ \/ ___/
 / /_/ // /   / _, _/  __/ /__/ /_/ / /  / /_/ /  __/ /    
 \____/___/  /_/ |_|\___/\___/\____/_/   \__,_/\___/_/    v3.4.1

Official Site: http://uirecorder.com
------------------------------------------------------------------

? Test spec file name: sample/y
? File existed, load and continue to record? (y/N) [2K[G? File existed, load and continue to record? (y/N) ã€[2K[G? File existed, load and continue to record? No
? Open checker browser? (Y/n) [2K[G? Open checker browser? Yes
? Browser size (example: 1024 x 768): (1024x768) [2K[G? Browser size (example: 1024 x 768): 1024x768

Recorder server listen on: 52210
Checker browser opened

------------------------------------------------------------------

Recorder browser opened
{
  type: 'saveCmd',
  data: {
    window: 0,
    frame: null,
    cmd: 'url',
    data: 'http://39.104.118.163:8081/agilefant/',
    fix: false
  }
}
  url: http://39.104.118.163:8081/agilefant/
{
  type: 'saveCmd',
  data: { window: 0, frame: null, cmd: 'waitBody', fix: false }
}
   âœ“ execute succeed
  waitBody: 
   âœ“ execute succeed
{
  type: 'saveCmd',
  data: {
    window: 0,
    frame: null,
    cmd: 'sendKeys',
    data: { keys: 'admin' },
    fix: false
  }
}
{
  type: 'saveCmd',
  data: {
    window: 0,
    frame: null,
    cmd: 'sendKeys',
    data: { keys: '{TAB}' },
    fix: false
  }
}
{
  type: 'saveCmd',
  data: {
    window: 0,
    frame: null,
    cmd: 'sendKeys',
    data: { keys: 's' },
    fix: false
  }
}
{
  type: 'saveCmd',
  data: {
    window: 0,
    frame: null,
    cmd: 'sendKeys',
    data: { keys: 'e' },
    fix: false
  }
}
{
  type: 'saveCmd',
  data: {
    window: 0,
    frame: null,
    cmd: 'sendKeys',
    data: { keys: 'c' },
    fix: false
  }
}
{
  type: 'saveCmd',
  data: {
    window: 0,
    frame: null,
    cmd: 'sendKeys',
    data: { keys: 'r' },
    fix: false
  }
}
{
  type: 'saveCmd',
  data: {
    window: 0,
    frame: null,
    cmd: 'sendKeys',
    data: { keys: 'e' },
    fix: false
  }
}
{
  type: 'saveCmd',
  data: {
    window: 0,
    frame: null,
    cmd: 'sendKeys',
    data: { keys: 't' },
    fix: false
  }
}
{
  type: 'saveCmd',
  data: {
    window: 0,
    frame: null,
    cmd: 'sendKeys',
    data: { keys: '{ENTER}' },
    fix: false
  }
}
{
  type: 'saveCmd',
  data: { window: 0, frame: null, cmd: 'waitBody', fix: false }
}
  sendKeys: admin{TAB}secret{ENTER}
   âœ“ execute succeed
  waitBody: 
   âœ“ execute succeed
{
  type: 'saveCmd',
  data: {
    window: 0,
    frame: null,
    cmd: 'url',
    data: 'http://39.104.118.163:8081/agilefant/dailyWork.action',
    fix: false
  }
}
  url: http://39.104.118.163:8081/agilefant/dailyWork.action
{
  type: 'saveCmd',
  data: { window: 0, frame: null, cmd: 'waitBody', fix: false }
}
   âœ“ execute succeed
  waitBody: 
{
  type: 'saveCmd',
  data: {
    window: 0,
    frame: null,
    cmd: 'mouseDown',
    data: {
      path: '#quickSearchLinkText',
      x: 59.015625,
      y: 6.015625,
      button: 0,
      text: 'Search items',
      option: false
    },
    fix: false
  }
}
   âœ“ execute succeed
{
  type: 'saveCmd',
  data: {
    window: 0,
    frame: null,
    cmd: 'mouseUp',
    data: {
      path: '#quickSearchLinkText',
      x: 60,
      y: 7,
      button: 0,
      text: 'Search items',
      option: false
    },
    fix: false
  }
}
  click: Search items ( #quickSearchLinkText, 60, 7, 0 )
{
  type: 'saveCmd',
  data: {
    window: 0,
    frame: null,
    cmd: 'sendKeys',
    data: { keys: '1' },
    fix: false
  }
}
{
  type: 'saveCmd',
  data: {
    window: 0,
    frame: null,
    cmd: 'sendKeys',
    data: { keys: '2' },
    fix: false
  }
}
   âœ“ execute succeed
{
  type: 'saveCmd',
  data: {
    window: 0,
    frame: null,
    cmd: 'sendKeys',
    data: { keys: '3' },
    fix: false
  }
}
{
  type: 'saveCmd',
  data: {
    window: 0,
    frame: null,
    cmd: 'sendKeys',
    data: { keys: '4' },
    fix: false
  }
}
{
  type: 'saveCmd',
  data: {
    window: 0,
    frame: null,
    cmd: 'mouseMove',
    data: {
      path: 'li[role="menuitem"]:nth-child(3) > a.ui-corner-all',
      x: 51,
      y: 12,
      text: 'This is a test > 123...'
    },
    fix: false
  }
}
  sendKeys: 1234
   âœ“ execute succeed
  mouseMove: This is a test > 123... ( li[role="menuitem"]:nth-child(3) > a.ui-corner-all, 51, 12 )
   âœ“ execute succeed
{
  type: 'saveCmd',
  data: {
    window: 0,
    frame: null,
    cmd: 'mouseDown',
    data: {
      path: '#ui-active-menuitem',
      x: 50.890625,
      y: 12.5,
      button: 0,
      text: 'This is a test > 123...',
      option: false
    },
    fix: false
  }
}
{
  type: 'saveCmd',
  data: {
    window: 0,
    frame: null,
    cmd: 'mouseUp',
    data: {
      path: '#ui-active-menuitem',
      x: 51,
      y: 13,
      button: 0,
      text: 'This is a test > 123...',
      option: false
    },
    fix: false
  }
}
{
  type: 'saveCmd',
  data: { window: 0, frame: null, cmd: 'waitBody', fix: false }
}
  click: This is a test > 123... ( #ui-active-menuitem, 51, 13, 0 )
   âœ“ execute succeed
  waitBody: 
   âœ“ execute succeed
{
  type: 'saveCmd',
  data: {
    window: 0,
    frame: null,
    cmd: 'expect',
    data: {
      sleep: '300',
      type: 'text',
      params: [Array],
      compare: 'equal',
      to: '1234555567890000'
    },
    fix: false
  }
}
  expect: text, //span[text()="1234555567890000"], equal, 1234555567890000
   âœ“ execute succeed
